<?xml version="1.0" encoding="UTF-8"?>
<!-- Generated by org.testng.reporters.JUnitReportReporter -->
<testsuite hostname="CSP-DIN-FRM0032" failures="0" tests="1" name="tests.TestCompagne" time="8.807" errors="0" timestamp="2024-01-11T09:21:20 CET" skipped="0">
  <testcase classname="tests.TestCompagne" name="testSteps" time="8.807"/>
  <system-out/>
</testsuite> <!-- tests.TestCompagne -->
