<?xml version="1.0" encoding="UTF-8"?>
<!-- Generated by org.testng.reporters.JUnitReportReporter -->
<testsuite hostname="CSP-DIN-FRM0032" failures="0" tests="1" name="tests.FactoryDemoExercice" time="8.713" errors="0" timestamp="2024-01-11T11:38:56 CET" skipped="0">
  <testcase classname="tests.FactoryDemoExercice" name="testSteps" time="8.713"/>
  <system-out/>
</testsuite> <!-- tests.FactoryDemoExercice -->
